  Checking Build System
  CMake is re-running because C:/Users/luket/Desktop/LunaLuxEngine/CMakeFiles/generate.stamp is out-of-date.
    the file 'C:/Users/luket/Desktop/LunaLuxEngine/CMakeLists.txt'
    is newer than 'C:/Users/luket/Desktop/LunaLuxEngine/CMakeFiles/generate.stamp.depend'
    result='-1'
  -- Building for: Visual Studio 16 2019
  -- The C compiler identification is MSVC 19.24.28315.0
  -- The CXX compiler identification is MSVC 19.24.28315.0
  -- Check for working C compiler: C:/Program Files (x86)/Microsoft Visual Studio/2019/Community/VC/Tools/MSVC/14.24.28314/bin/Hostx64/x64/cl.exe
  -- Check for working C compiler: C:/Program Files (x86)/Microsoft Visual Studio/2019/Community/VC/Tools/MSVC/14.24.28314/bin/Hostx64/x64/cl.exe -- works
  -- Detecting C compiler ABI info
  -- Detecting C compiler ABI info - done
  -- Detecting C compile features
  -- Detecting C compile features - done
  -- Check for working CXX compiler: C:/Program Files (x86)/Microsoft Visual Studio/2019/Community/VC/Tools/MSVC/14.24.28314/bin/Hostx64/x64/cl.exe
  -- Check for working CXX compiler: C:/Program Files (x86)/Microsoft Visual Studio/2019/Community/VC/Tools/MSVC/14.24.28314/bin/Hostx64/x64/cl.exe -- works
  -- Detecting CXX compiler ABI info
  -- Detecting CXX compiler ABI info - done
  -- Detecting CXX compile features
  -- Detecting CXX compile features - done
  -- Found Vulkan: C:/VulkanSDK/1.2.131.1/Lib/vulkan-1.lib  
  -- Configuring done
  -- Generating done
  -- Build files have been written to: C:/Users/luket/Desktop/LunaLuxEngine
